2024-12-21 12:22:17,403 [INFO] Loading data from: C:\Users\jihui\Desktop\Jane Street Comp\Dataset\train.parquet
2024-12-21 12:22:17,403 [INFO] Partitions to load: [0]
2024-12-21 12:22:17,404 [INFO] Loading partition from: C:\Users\jihui\Desktop\Jane Street Comp\Dataset\train.parquet\partition_id=0\part-0.parquet
2024-12-21 12:22:18,429 [INFO] Successfully loaded partition 0 with shape (1944210, 92)
2024-12-21 12:22:18,429 [INFO] Cumulative rows loaded: 1,944,210
2024-12-21 12:22:18,440 [INFO] Final dataset shape: (1944210, 92)
2024-12-21 12:27:49,790 [INFO] Loading data from: C:\Users\jihui\Desktop\Jane Street Comp\Dataset\train.parquet
2024-12-21 12:27:49,790 [INFO] Partitions to load: [0, 1]
2024-12-21 12:27:49,790 [INFO] Loading partition from: C:\Users\jihui\Desktop\Jane Street Comp\Dataset\train.parquet\partition_id=0\part-0.parquet
2024-12-21 12:27:50,423 [INFO] Successfully loaded partition 0 with shape (1944210, 92)
2024-12-21 12:27:50,423 [INFO] Cumulative rows loaded: 1,944,210
2024-12-21 12:27:50,424 [INFO] Loading partition from: C:\Users\jihui\Desktop\Jane Street Comp\Dataset\train.parquet\partition_id=1\part-0.parquet
2024-12-21 12:27:51,456 [INFO] Successfully loaded partition 1 with shape (2804247, 92)
2024-12-21 12:27:51,456 [INFO] Cumulative rows loaded: 4,748,457
2024-12-21 12:27:53,052 [INFO] Final dataset shape: (4748457, 92)
2024-12-21 12:28:01,105 [ERROR] Training failed with exception
Traceback (most recent call last):
  File "C:\Users\jihui\Desktop\Jane Street Comp\train.py", line 155, in main
    df = feature_engineer.create_features(df)
         ^^^^^^^^^^^^^^^^^^^^^^^^^^^^^^^^^^^^
  File "C:\Users\jihui\Desktop\Jane Street Comp\src\feature_engineering.py", line 16, in create_features
    rolling_features = self._create_rolling_features(df)
                       ^^^^^^^^^^^^^^^^^^^^^^^^^^^^^
AttributeError: 'FeatureEngineer' object has no attribute '_create_rolling_features'
2024-12-21 12:29:49,587 [INFO] Loading data from: C:\Users\jihui\Desktop\Jane Street Comp\Dataset\train.parquet
2024-12-21 12:29:49,587 [INFO] Partitions to load: [0, 1]
2024-12-21 12:29:49,587 [INFO] Loading partition from: C:\Users\jihui\Desktop\Jane Street Comp\Dataset\train.parquet\partition_id=0\part-0.parquet
2024-12-21 12:29:50,332 [INFO] Successfully loaded partition 0 with shape (1944210, 92)
2024-12-21 12:29:50,332 [INFO] Cumulative rows loaded: 1,944,210
2024-12-21 12:29:50,333 [INFO] Loading partition from: C:\Users\jihui\Desktop\Jane Street Comp\Dataset\train.parquet\partition_id=1\part-0.parquet
2024-12-21 12:29:51,256 [INFO] Successfully loaded partition 1 with shape (2804247, 92)
2024-12-21 12:29:51,256 [INFO] Cumulative rows loaded: 4,748,457
2024-12-21 12:29:52,176 [INFO] Final dataset shape: (4748457, 92)
2024-12-21 12:29:52,285 [INFO] Starting feature engineering...
